<?xml version="1.0" encoding="UTF-8"?>
<!-- Generated by org.testng.reporters.JUnitReportReporter -->
<testsuite hostname="DESKTOP-JKFN6JK" failures="0" tests="1" name="testng.parametrization.ParameterExample" time="23.792" errors="0" timestamp="2024-08-31T00:06:27 IST" skipped="0">
  <testcase classname="testng.parametrization.ParameterExample" name="verifyParameterizationCases" time="23.792"/>
</testsuite> <!-- testng.parametrization.ParameterExample -->
