<?xml version="1.0" encoding="UTF-8"?>
<!-- Generated by org.testng.reporters.JUnitReportReporter -->
<testsuite hostname="DESKTOP-JKFN6JK" failures="0" tests="3" name="testng.parametrization.DataProviderWithExcel" time="50.067" errors="0" timestamp="2024-08-31T00:06:27 IST" skipped="0">
  <testcase classname="testng.parametrization.DataProviderWithExcel" name="verifyDataProviderWithExcel" time="16.769"/>
  <testcase classname="testng.parametrization.DataProviderWithExcel" name="verifyDataProviderWithExcel" time="16.741"/>
  <testcase classname="testng.parametrization.DataProviderWithExcel" name="verifyDataProviderWithExcel" time="16.557"/>
</testsuite> <!-- testng.parametrization.DataProviderWithExcel -->
